[2020-03-24 15:43:35.081969 +0000 UTC] [FATAL] Somethingwentsuperwrong
[2020-03-24 15:46:06.7830887 +0000 UTC] [FATAL] Somethingwentsuperwrong
[2020-03-24 15:48:42.9317718 +0000 UTC] [FATAL] Something went super wYong
[2020-03-24 15:59:43.9304473 +0000 UTC] [FATAL] Something went supe                 r wYong
[2020-03-24 16:23:16.3814402 +0000 UTC] [FATAL] Something went supe r wYong
[2020-03-24 16:25:07.8876619 +0000 UTC] [FATAL] Something went supe r wYong
[2020-03-24 16:25:20.1375804 +0000 UTC] [FATAL] Something went supe r wYong
[2020-03-24 16:26:20.4266527 +0000 UTC] [FATAL]  Something went supe r wYong
[2020-03-24 16:31:45.4730296 +0000 UTC] [FATAL]  Something went super ------ ...wYong 
[2020-03-24 16:31:51.0055333 +0000 UTC] [FATAL]  Something went super ------ ...wYong 
[2020-03-24 16:32:53.7302394 +0000 UTC] [FATAL]  Something went super -- v ---- ...wYong 
[2020-03-24 16:33:04.4909885 +0000 UTC] [FATAL]  Something went super -- v ---- ...wYong 
[2020-03-24 16:33:12.2383498 +0000 UTC] [FATAL]  Something went super -- v ---- >>>> ...wYong 
[2020-03-24 16:33:17.0454955 +0000 UTC] [FATAL]  Something went super -- v ---- >>>> ...wYong 
[2020-03-24 16:34:01.0163521 +0000 UTC] [FATAL]  Something went super -- v ---- >>>> ...wYong 
[2020-03-24 16:34:58.2675808 +0000 UTC] [FATAL]  Something went super v ...wYong
[2020-03-24 16:35:17.5695461 +0000 UTC] [FATAL]  Something went super v ...wYong
[2020-03-24 16:35:39.8115284 +0000 UTC] [FATAL]  Something went super v ...wYong
[2020-03-24 16:36:08.0321543 +0000 UTC] [FATAL]  Something went super v ...wYong
[2020-03-24 16:36:45.0787587 +0000 UTC] [FATAL]  Something went super ... wYong
[2020-03-24 16:39:09.3792359 +0000 UTC] [FATAL]  S ...- Y
[2020-03-24 16:39:40.8572825 +0000 UTC] [FATAL]  Something went super ... wYong
[2020-03-24 16:40:00.4444834 +0000 UTC] [FATAL]  Something went super . wYong
[2020-03-24 16:40:18.7815204 +0000 UTC] [FATAL]  Something went super . wYong
[2020-03-24 16:42:01.6804418 +0000 UTC] [FATAL]  Something went super __ ._ wYong
